<?xml version="1.0" encoding="UTF-8"?>
<!-- Generated by org.testng.reporters.JUnitReportReporter -->
<testsuite hostname="DESKTOP-0IVJ47H" failures="0" tests="1" name="TestMavenJenkins" time="6.130" errors="0" timestamp="2020-05-12T15:29:45 EDT" skipped="0">
  <testcase classname="TestMavenJenkins" name="searchTest" time="6.130"/>
  <system-out/>
</testsuite> <!-- TestMavenJenkins -->
