<?xml version="1.0" encoding="UTF-8"?>
<!-- Generated by org.testng.reporters.JUnitReportReporter -->
<testsuite hostname="DESKTOP-0IVJ47H" failures="0" tests="1" name="TestMavenJenkins" time="8.183" errors="0" timestamp="2020-05-12T15:22:49 EDT" skipped="0">
  <testcase classname="TestMavenJenkins" name="searchTest" time="8.183"/>
  <system-out/>
</testsuite> <!-- TestMavenJenkins -->
